[2025-08-04T18:38:07.406Z] Starting: npx ampx sandbox (Process ID: amplify)
[2025-08-04T18:38:08.251Z] [amplify] [ERROR] node:internal/modules/cjs/loader:1140
  const err = new Error(message);
              ^

Error: Cannot find module '../error/syntaxError.js'
Require stack:
- /Users/sammanbhetwal/Documents/Repos/CHI/Samman-1st-Amplify-App/node_modules/graphql/language/parser.js
- /Users/sammanbhetwal/Documents/Repos/CHI/Samman-1st-Amplify-App/node_modules/graphql/graphql.js
- /Users/sammanbhetwal/Documents/Repos/CHI/Samman-1st-Amplify-App/node_modules/graphql/index.js
    at Module._resolveFilename (node:internal/modules/cjs/loader:1140:15)
    at Module._load (node:internal/modules/cjs/loader:981:27)
    at Module.require (node:internal/modules/cjs/loader:1231:19)
    at require (node:internal/modules/helpers:177:18)
    at Object.<anonymous> (/Users/sammanbhetwal/Documents/Repos/CHI/Samman-1st-Amplify-App/node_modules/graphql/language/parser.js:11:20)
    at Module._compile (node:internal/modules/cjs/loader:1364:14)
    at Module._extensions..js (node:internal/modules/cjs/loader:1422:10)
    at Module.load (node:internal/modules/cjs/loader:1203:32)
    at Module._load (node:internal/modules/cjs/loader:1019:12)
    at Module.require (node:internal/modules/cjs/loader:1231:19) {
  code: 'MODULE_NOT_FOUND',
  requireStack: [
    '/Users/sammanbhetwal/Documents/Repos/CHI/Samman-1st-Amplify-App/node_modules/graphql/language/parser.js',
    '/Users/sammanbhetwal/Documents/Repos/CHI/Samman-1st-Amplify-App/node_modules/graphql/graphql.js',
    '/Users/sammanbhetwal/Documents/Repos/CHI/Samman-1st-Amplify-App/node_modules/graphql/index.js'
  ]
}

Node.js v18.20.8
[2025-08-04T18:38:08.261Z] [amplify] Process exited with code 1 and signal null
