[2025-07-28T19:46:27.456Z] Starting: npx ampx sandbox (Process ID: npx-sandbox154627log)
[2025-07-28T19:46:28.644Z] [npx-sandbox154627log]   
  Amplify Sandbox
  [2025-07-28T19:46:28.645Z] [npx-sandbox154627log] 
  Identifier: 	sammanbhetwal
  Stack: 	amplify-awsamplifygen2-sammanbhetwal-sandbox-eef5a04faa
  
  To specify a different sandbox identifier, use --identifier
[2025-07-28T19:46:31.319Z] [npx-sandbox154627log] 
NOTICES         (What's this? https://github.com/aws/aws-cdk/wiki/CLI-Notices)

[2025-07-28T19:46:31.320Z] [npx-sandbox154627log] 34892	CDK CLI will collect telemetry data on command usage starting at version 2.1100.0 (unless opted out)

	Overview: We do not collect customer content and we anonymize the
	          telemetry we do collect. See the attached issue for more
	          information on what data is collected, why, and how to
	          opt-out. Telemetry will NOT be collected for any CDK CLI
	          version prior to version 2.1100.0 - regardless of
	          opt-in/out. You can also preview the telemetry we will start
	          collecting by logging it to a local file, by adding
	          `--unstable=telemetry --telemetry-file=my/local/file` to any
	          `cdk` command.

	Affected versions: cli: ^2.0.0

	More information at: https://github.com/aws/aws-cdk/issues/34892


32775	(cli): CLI versions and CDK library versions have diverged

	Overview: Starting in CDK 2.179.0, CLI versions will no longer be in
	          lockstep with CDK library versions. CLI versions will now be
	          released as 2.1000.0 and continue with 2.1001.0, etc.

	Affected versions: cli: >=2.0.0 <=2.1005.0

	More information at: https://github.com/aws/aws-cdk/issues/32775


If you don’t want to see a notice anymore, use "cdk acknowledge <id>". For example, "cdk acknowledge 34892".
[2025-07-28T19:46:33.892Z] [npx-sandbox154627log] 
✨  Synthesis time: 0.02s

[2025-07-28T19:46:33.892Z] [npx-sandbox154627log] [33m⚠️ The --hotswap and --hotswap-fallback flags deliberately introduce CloudFormation drift to speed up deployments[39m
[33m⚠️ They should only be used for development - never use them for your production Stacks![39m
[33m[39m
[2025-07-28T19:46:35.550Z] [npx-sandbox154627log] [1mamplify-awsamplifygen2-sammanbhetwal-sandbox-eef5a04faa[22m: start: Building 342a5d3b35cc2ce6eb4f5e3ae9beb9138eea1e29d766ca53931bd89a7d59a3be:current_account-current_region
[2025-07-28T19:46:35.551Z] [npx-sandbox154627log] [1mamplify-awsamplifygen2-sammanbhetwal-sandbox-eef5a04faa[22m: success: Built 342a5d3b35cc2ce6eb4f5e3ae9beb9138eea1e29d766ca53931bd89a7d59a3be:current_account-current_region
[2025-07-28T19:46:35.552Z] [npx-sandbox154627log] [1mamplify-awsamplifygen2-sammanbhetwal-sandbox-eef5a04faa[22m: start: Building 5d65deb9f31a505d6abcfe53651c419a5043c7e660ed07e2f19e060ab6b87ea3:current_account-current_region
[1mamplify-awsamplifygen2-sammanbhetwal-sandbox-eef5a04faa[22m: success: Built 5d65deb9f31a505d6abcfe53651c419a5043c7e660ed07e2f19e060ab6b87ea3:current_account-current_region
[2025-07-28T19:46:36.042Z] [npx-sandbox154627log] [1mamplify-awsamplifygen2-sammanbhetwal-sandbox-eef5a04faa[22m: start: Publishing 5d65deb9f31a505d6abcfe53651c419a5043c7e660ed07e2f19e060ab6b87ea3:current_account-current_region
[2025-07-28T19:46:36.048Z] [npx-sandbox154627log] [1mamplify-awsamplifygen2-sammanbhetwal-sandbox-eef5a04faa[22m: start: Publishing 342a5d3b35cc2ce6eb4f5e3ae9beb9138eea1e29d766ca53931bd89a7d59a3be:current_account-current_region
[2025-07-28T19:46:37.328Z] [npx-sandbox154627log] [1mamplify-awsamplifygen2-sammanbhetwal-sandbox-eef5a04faa[22m: success: Published 342a5d3b35cc2ce6eb4f5e3ae9beb9138eea1e29d766ca53931bd89a7d59a3be:current_account-current_region
[2025-07-28T19:46:37.375Z] [npx-sandbox154627log] [1mamplify-awsamplifygen2-sammanbhetwal-sandbox-eef5a04faa[22m: success: Published 5d65deb9f31a505d6abcfe53651c419a5043c7e660ed07e2f19e060ab6b87ea3:current_account-current_region
[2025-07-28T19:46:38.076Z] [npx-sandbox154627log] [1mamplify-awsamplifygen2-sammanbhetwal-sandbox-eef5a04faa[22m: deploying... [1/1]
[2025-07-28T19:46:40.566Z] [npx-sandbox154627log] 
NOTICES         (What's this? https://github.com/aws/aws-cdk/wiki/CLI-Notices)

[2025-07-28T19:46:40.566Z] [npx-sandbox154627log] 34892	CDK CLI will collect telemetry data on command usage starting at version 2.1100.0 (unless opted out)

	Overview: We do not collect customer content and we anonymize the
	          telemetry we do collect. See the attached issue for more
	          information on what data is collected, why, and how to
	          opt-out. Telemetry will NOT be collected for any CDK CLI
	          version prior to version 2.1100.0 - regardless of
	          opt-in/out. You can also preview the telemetry we will start
	          collecting by logging it to a local file, by adding
	          `--unstable=telemetry --telemetry-file=my/local/file` to any
	          `cdk` command.

	Affected versions: cli: ^2.0.0

	More information at: https://github.com/aws/aws-cdk/issues/34892


[2025-07-28T19:46:40.566Z] [npx-sandbox154627log] 32775	(cli): CLI versions and CDK library versions have diverged

	Overview: Starting in CDK 2.179.0, CLI versions will no longer be in
	          lockstep with CDK library versions. CLI versions will now be
	          released as 2.1000.0 and continue with 2.1001.0, etc.

	Affected versions: cli: >=2.0.0 <=2.1005.0

	More information at: https://github.com/aws/aws-cdk/issues/32775


If you don’t want to see a notice anymore, use "cdk acknowledge <id>". For example, "cdk acknowledge 34892".
[2025-07-28T19:46:40.583Z] [npx-sandbox154627log] Error: [41m[37m[1m!!!!!!!!!!!!!!!!!!!!!!!!!!!!!!!!!!!!!!!!!!!!!!!!!!!!!!!!!!!!!!!!!!!!!!!!!!!!!!!![22m[39m[49m
[41m[37m[1m!!                                                                            !![22m[39m[49m
[41m[37m[1m!!  Node 18 has reached end-of-life on 2025-04-30 and is not supported.       !![22m[39m[49m
[41m[37m[1m!!  Please upgrade to a supported node version as soon as possible.           !![22m[39m[49m
[41m[37m[1m!!                                                                            !![22m[39m[49m
[41m[37m[1m!!  This software is currently running on node v18.20.8.                      !![22m[39m[49m
[41m[37m[1m!!  As of the current release of this software, supported node releases are:  !![22m[39m[49m
[41m[37m[1m!!  - ^22.0.0 (Planned end-of-life: 2027-04-30)                               !![22m[39m[49m
[41m[37m[1m!!  - ^20.0.0 (Planned end-of-life: 2026-04-30)                               !![22m[39m[49m
[41m[37m[1m!!                                                                            !![22m[39m[49m
[41m[37m[1m!!!!!!!!!!!!!!!!!!!!!!!!!!!!!!!!!!!!!!!!!!!!!!!!!!!!!!!!!!!!!!!!!!!!!!!!!!!!!!!![22m[39m[49m
Stack [1mundefined[22m
[31m❌  [1mamplify-awsamplifygen2-sammanbhetwal-sandbox-eef5a04faa[22m failed: ValidationError: Stack with id amplify-awsamplifygen2-sammanbhetwal-sandbox-eef5a04faa-auth179371D7-15SZZDJRF1AYR does not exist[39m

Caused By: [41m[37m[1m!!!!!!!!!!!!!!!!!!!!!!!!!!!!!!!!!!!!!!!!!!!!!!!!!!!!!!!!!!!!!!!!!!!!!!!!!!!!!!!![22m[39m[49m
[41m[37m[1m!!                                                                            !![22m[39m[49m
[41m[37m[1m!!  Node 18 has reached end-of-life on 2025-04-30 and is not supported.       !![22m[39m[49m
[41m[37m[1m!!  Please upgrade to a supported node version as soon as possible.           !![22m[39m[49m
[41m[37m[1m!!                                                                            !![22m[39m[49m
[41m[37m[1m!!  This software is currently running on node v18.20.8.                      !![22m[39m[49m
[41m[37m[1m!!  As of the current release of this software, supported node releases are:  !![22m[39m[49m
[41m[37m[1m!!  - ^22.0.0 (Planned end-of-life: 2027-04-30)                               !![22m[39m[49m
[41m[37m[1m!!  - ^20.0.0 (Planned end-of-life: 2026-04-30)                               !![22m[39m[49m
[41m[37m[1m!!                                                                            !![22m[39m[49m
[41m[37m[1m!!!!!!!!!!!!!!!!!!!!!!!!!!!!!!!!!!!!!!!!!!!!!!!!!!!!!!!!!!!!!!!!!!!!!!!!!!!!!!!![22m[39m[49m
Stack [1mundefined[22m
[31m❌  [1mamplify-awsamplifygen2-sammanbhetwal-sandbox-eef5a04faa[22m failed: ValidationError: Stack with id amplify-awsamplifygen2-sammanbhetwal-sandbox-eef5a04faa-auth179371D7-15SZZDJRF1AYR does not exist[39m

[2025-07-28T19:46:40.583Z] [npx-sandbox154627log] 
[Sandbox] Watching for file changes...
